2022-10-13 11:25:52,453 __main__ INFO: Current dataset is multi_har
2022-10-13 11:25:52,453 __main__ INFO: current setting is 2-1
2022-10-14 00:51:02,792 __main__ INFO: Current dataset is multi_annthyroid
2022-10-14 00:51:02,793 __main__ INFO: current setting is 2-1
2022-10-14 00:51:12,380 __main__ INFO: Current dataset is multi_cardio
2022-10-14 00:51:12,381 __main__ INFO: current setting is 2-1
2022-10-14 00:56:35,142 __main__ INFO: Current dataset is multi_cardio
2022-10-14 00:56:35,142 __main__ INFO: current setting is 2-1
2022-10-14 00:56:51,077 __main__ INFO: Current dataset is multi_cardio
2022-10-14 00:56:51,077 __main__ INFO: current setting is 2-1
2022-10-14 01:26:50,998 __main__ INFO: Current dataset is multi_cardio
2022-10-14 01:26:50,998 __main__ INFO: current setting is 2-1
2022-10-14 01:39:19,395 __main__ INFO: Current dataset is multi_cardio
2022-10-14 01:39:19,395 __main__ INFO: current setting is 2-1
2022-10-14 01:56:37,370 __main__ INFO: Current dataset is multi_cardio
2022-10-14 01:56:37,370 __main__ INFO: current setting is 2-1
2022-10-14 02:23:15,401 __main__ INFO: Current dataset is multi_cardio
2022-10-14 02:23:15,401 __main__ INFO: current setting is 2-1
2022-10-14 02:26:33,561 __main__ INFO: Current dataset is multi_cardio
2022-10-14 02:26:33,561 __main__ INFO: current setting is 2-1
2022-10-14 02:56:15,505 __main__ INFO: Current dataset is multi_cardio
2022-10-14 02:56:15,505 __main__ INFO: current setting is 2-1
2022-10-14 03:08:38,221 __main__ INFO: Current dataset is multi_cardio
2022-10-14 03:08:38,222 __main__ INFO: current setting is 2-1
2022-10-14 03:26:21,341 __main__ INFO: Current dataset is multi_cardio
2022-10-14 03:26:21,341 __main__ INFO: current setting is 2-1
2022-10-14 03:52:55,256 __main__ INFO: Current dataset is multi_cardio
2022-10-14 03:52:55,257 __main__ INFO: current setting is 2-1
2022-10-14 03:56:42,728 __main__ INFO: Current dataset is multi_cardio
2022-10-14 03:56:42,728 __main__ INFO: current setting is 2-1
2022-10-14 04:26:36,814 __main__ INFO: Current dataset is multi_cardio
2022-10-14 04:26:36,814 __main__ INFO: current setting is 2-1
2022-10-14 04:37:26,388 __main__ INFO: Current dataset is multi_cardio
2022-10-14 04:37:26,388 __main__ INFO: current setting is 2-1
2022-10-14 04:56:45,529 __main__ INFO: Current dataset is multi_cardio
2022-10-14 04:56:45,529 __main__ INFO: current setting is 2-1
2022-10-14 05:23:00,181 __main__ INFO: Current dataset is multi_cardio
2022-10-14 05:23:00,182 __main__ INFO: current setting is 2-1
2022-10-14 05:26:50,920 __main__ INFO: Current dataset is multi_cardio
2022-10-14 05:26:50,921 __main__ INFO: current setting is 2-1
2022-10-14 05:58:03,297 __main__ INFO: Current dataset is multi_cardio
2022-10-14 05:58:03,297 __main__ INFO: current setting is 2-1
2022-10-14 06:09:19,372 __main__ INFO: Current dataset is multi_cardio
2022-10-14 06:09:19,372 __main__ INFO: current setting is 2-1
2022-10-14 06:28:09,700 __main__ INFO: Current dataset is multi_cardio
2022-10-14 06:28:09,700 __main__ INFO: current setting is 2-1
2022-10-14 06:52:58,678 __main__ INFO: Current dataset is multi_cardio
2022-10-14 06:52:58,679 __main__ INFO: current setting is 2-1
2022-10-14 06:58:08,952 __main__ INFO: Current dataset is multi_cardio
2022-10-14 06:58:08,952 __main__ INFO: current setting is 2-1
2022-10-14 07:27:30,554 __main__ INFO: Current dataset is multi_cardio
2022-10-14 07:27:30,554 __main__ INFO: current setting is 2-1
2022-10-14 07:38:03,918 __main__ INFO: Current dataset is multi_cardio
2022-10-14 07:38:03,919 __main__ INFO: current setting is 2-1
2022-10-14 07:57:25,747 __main__ INFO: Current dataset is multi_cardio
2022-10-14 07:57:25,748 __main__ INFO: current setting is 2-1
2022-10-14 08:22:47,270 __main__ INFO: Current dataset is multi_cardio
2022-10-14 08:22:47,270 __main__ INFO: current setting is 2-1
2022-10-14 08:27:49,727 __main__ INFO:     dataset_name  seed  anomalies_fraction  normalies_ratio  comtaination_ratio   roc_auc    roc_pr
0   multi_cardio     1                 0.1                0                0.00  0.965265  0.949710
1   multi_cardio     1                 0.1                0                0.04  0.963022  0.939049
2   multi_cardio     1                 0.1                0                0.10  0.948795  0.902010
3   multi_cardio    20                 0.1                0                0.00  0.981063  0.963160
4   multi_cardio    20                 0.1                0                0.04  0.974974  0.943434
5   multi_cardio    20                 0.1                0                0.10  0.966419  0.924099
6   multi_cardio    42                 0.1                0                0.00  0.994296  0.983418
7   multi_cardio    42                 0.1                0                0.04  0.993527  0.985889
8   multi_cardio    42                 0.1                0                0.10  0.961420  0.903274
9   multi_cardio    50                 0.1                0                0.00  0.985805  0.970619
10  multi_cardio    50                 0.1                0                0.04  0.951903  0.907393
11  multi_cardio    50                 0.1                0                0.10  0.962574  0.897168
12  multi_cardio    99                 0.1                0                0.00  0.978820  0.934070
13  multi_cardio    99                 0.1                0                0.04  0.944133  0.879109
14  multi_cardio    99                 0.1                0                0.10  0.907428  0.829809
2022-10-14 09:01:35,369 __main__ INFO: Current dataset is multi_cardio
2022-10-14 09:01:35,370 __main__ INFO: current setting is 2-1
2022-10-14 09:40:23,809 __main__ INFO: Current dataset is multi_cardio
2022-10-14 09:40:23,809 __main__ INFO: current setting is 2-1
2022-10-14 10:16:52,719 __main__ INFO: Current dataset is multi_cardio
2022-10-14 10:16:52,719 __main__ INFO: current setting is 2-1
2022-10-17 21:25:23,326 __main__ INFO: Current dataset is multi_annthyroid
2022-10-17 21:25:23,326 __main__ INFO: current setting is 2-1
2022-10-17 21:25:48,338 __main__ INFO: Current dataset is multi_annthyroid
2022-10-17 21:25:48,339 __main__ INFO: current setting is 2-1
2022-10-17 22:12:10,087 __main__ INFO: Current dataset is multi_annthyroid
2022-10-17 22:12:10,087 __main__ INFO: current setting is 2-1
2022-10-17 22:12:35,784 __main__ INFO: Current dataset is multi_annthyroid
2022-10-17 22:12:35,784 __main__ INFO: current setting is 2-1
2022-10-17 23:19:44,841 __main__ INFO: Current dataset is multi_cardio
2022-10-17 23:19:44,842 __main__ INFO: current setting is 2-1
2022-10-17 23:21:56,168 __main__ INFO: Current dataset is multi_cardio
2022-10-17 23:21:56,168 __main__ INFO: current setting is 2-1
2022-10-17 23:30:59,925 __main__ INFO: Current dataset is multi_cardio
2022-10-17 23:30:59,926 __main__ INFO: current setting is 2-1
2022-10-17 23:32:50,577 __main__ INFO: Current dataset is multi_cardio
2022-10-17 23:32:50,578 __main__ INFO: current setting is 2-1
2022-10-17 23:35:11,556 __main__ INFO: Current dataset is multi_cardio
2022-10-17 23:35:11,556 __main__ INFO: current setting is 2-1
2022-10-18 11:53:37,848 __main__ INFO: Current dataset is multi_cardio
2022-10-18 11:53:37,848 __main__ INFO: current setting is 2-1
2022-10-18 14:31:30,381 __main__ INFO: Current dataset is multi_cardio
2022-10-18 14:31:30,381 __main__ INFO: current setting is 2-1
2022-10-18 14:31:49,575 __main__ INFO: Current dataset is multi_cardio
2022-10-18 14:31:49,575 __main__ INFO: current setting is 2-1
2022-10-18 14:58:50,604 __main__ INFO: Current dataset is multi_cardio
2022-10-18 14:58:50,604 __main__ INFO: current setting is 2-1
2022-10-18 15:24:40,817 __main__ INFO: Current dataset is multi_cardio
2022-10-18 15:24:40,817 __main__ INFO: current setting is 2-1
2022-10-18 15:37:54,544 __main__ INFO: Current dataset is multi_cardio
2022-10-18 15:37:54,545 __main__ INFO: current setting is 2-1
2022-10-18 15:57:53,198 __main__ INFO: Current dataset is multi_cardio
2022-10-18 15:57:53,198 __main__ INFO: current setting is 2-1
2022-10-18 16:43:06,174 __main__ INFO: Current dataset is multi_cardio
2022-10-18 16:43:06,174 __main__ INFO: current setting is 2-1
2022-10-18 20:23:44,808 __main__ INFO: Current dataset is multi_annthyroid
2022-10-18 20:23:44,808 __main__ INFO: current setting is 2-1
2022-10-19 23:35:50,779 __main__ INFO: Current dataset is annthyroid
2022-10-19 23:35:50,780 __main__ INFO: current setting is 1-1
2022-10-19 23:36:46,645 __main__ INFO: Current dataset is annthyroid
2022-10-19 23:36:46,646 __main__ INFO: current setting is 1-1
2022-10-19 23:37:19,689 __main__ INFO: Current dataset is cardio
2022-10-19 23:37:19,689 __main__ INFO: current setting is 1-1
2022-10-19 23:37:48,113 __main__ INFO: Current dataset is cardio
2022-10-19 23:37:48,113 __main__ INFO: current setting is 1-1
2022-10-20 00:07:34,028 __main__ INFO: Current dataset is cardio
2022-10-20 00:07:34,028 __main__ INFO: current setting is 1-1
2022-10-20 00:08:43,849 __main__ INFO: Current dataset is annthyroid
2022-10-20 00:08:43,849 __main__ INFO: current setting is 1-1
2022-10-20 00:10:09,320 __main__ INFO: Current dataset is cardio
2022-10-20 00:10:09,321 __main__ INFO: current setting is 1-1
2022-10-20 00:35:25,064 __main__ INFO: Current dataset is annthyroid
2022-10-20 00:35:25,064 __main__ INFO: current setting is 1-1
2022-10-20 00:40:37,812 __main__ INFO: Current dataset is cardio
2022-10-20 00:40:37,813 __main__ INFO: current setting is 1-1
2022-10-20 00:42:51,893 __main__ INFO: Current dataset is annthyroid
2022-10-20 00:42:51,893 __main__ INFO: current setting is 1-1
2022-10-20 00:45:33,004 __main__ INFO: Current dataset is cardio
2022-10-20 00:45:33,004 __main__ INFO: current setting is 1-1
2022-10-20 01:14:22,389 __main__ INFO: Current dataset is annthyroid
2022-10-20 01:14:22,390 __main__ INFO: current setting is 1-1
2022-10-20 01:16:01,387 __main__ INFO: Current dataset is cardio
2022-10-20 01:16:01,387 __main__ INFO: current setting is 1-1
2022-10-20 01:19:43,694 __main__ INFO: Current dataset is annthyroid
2022-10-20 01:19:43,695 __main__ INFO: current setting is 1-1
2022-10-20 01:23:27,481 __main__ INFO: Current dataset is cardio
2022-10-20 01:23:27,482 __main__ INFO: current setting is 1-1
2022-10-20 01:51:44,633 __main__ INFO: Current dataset is cardio
2022-10-20 01:51:44,633 __main__ INFO: current setting is 1-1
2022-10-20 01:53:52,499 __main__ INFO: Current dataset is annthyroid
2022-10-20 01:53:52,499 __main__ INFO: current setting is 1-1
2022-10-20 01:57:05,119 __main__ INFO: Current dataset is annthyroid
2022-10-20 01:57:05,120 __main__ INFO: current setting is 1-1
2022-10-20 02:02:01,429 __main__ INFO: Current dataset is cardio
2022-10-20 02:02:01,429 __main__ INFO: current setting is 1-1
2022-10-20 02:27:01,127 __main__ INFO: Current dataset is cardio
2022-10-20 02:27:01,128 __main__ INFO: current setting is 1-1
2022-10-20 02:33:15,486 __main__ INFO: Current dataset is annthyroid
2022-10-20 02:33:15,486 __main__ INFO: current setting is 1-1
2022-10-20 02:34:13,910 __main__ INFO: Current dataset is annthyroid
2022-10-20 02:34:13,910 __main__ INFO: current setting is 1-1
2022-10-20 02:40:16,033 __main__ INFO: Current dataset is cardio
2022-10-20 02:40:16,034 __main__ INFO: current setting is 1-1
2022-10-20 03:02:54,185 __main__ INFO: Current dataset is cardio
2022-10-20 03:02:54,185 __main__ INFO: current setting is 1-1
2022-10-20 03:11:17,239 __main__ INFO: Current dataset is annthyroid
2022-10-20 03:11:17,239 __main__ INFO: current setting is 1-1
2022-10-20 03:12:36,709 __main__ INFO: Current dataset is annthyroid
2022-10-20 03:12:36,709 __main__ INFO: current setting is 1-1
2022-10-20 03:18:59,810 __main__ INFO: Current dataset is cardio
2022-10-20 03:18:59,811 __main__ INFO: current setting is 1-1
2022-10-20 03:38:45,994 __main__ INFO: Current dataset is cardio
2022-10-20 03:38:45,995 __main__ INFO: current setting is 1-1
2022-10-20 03:50:07,720 __main__ INFO: Current dataset is annthyroid
2022-10-20 03:50:07,721 __main__ INFO: current setting is 1-1
2022-10-20 03:53:41,098 __main__ INFO: Current dataset is annthyroid
2022-10-20 03:53:41,099 __main__ INFO: current setting is 1-1
2022-10-20 03:58:25,555 __main__ INFO: Current dataset is cardio
2022-10-20 03:58:25,555 __main__ INFO: current setting is 1-1
2022-10-20 04:16:27,355 __main__ INFO: Current dataset is cardio
2022-10-20 04:16:27,356 __main__ INFO: current setting is 1-1
2022-10-20 04:28:08,170 __main__ INFO: Current dataset is annthyroid
2022-10-20 04:28:08,171 __main__ INFO: current setting is 1-1
2022-10-20 04:34:09,988 __main__ INFO: Current dataset is annthyroid
2022-10-20 04:34:09,988 __main__ INFO: current setting is 1-1
2022-10-20 04:37:35,575 __main__ INFO: Current dataset is cardio
2022-10-20 04:37:35,575 __main__ INFO: current setting is 1-1
2022-10-20 04:51:54,132 __main__ INFO: Current dataset is cardio
2022-10-20 04:51:54,132 __main__ INFO: current setting is 1-1
2022-10-20 05:05:16,707 __main__ INFO: Current dataset is annthyroid
2022-10-20 05:05:16,707 __main__ INFO: current setting is 1-1
2022-10-20 05:13:22,623 __main__ INFO: Current dataset is annthyroid
2022-10-20 05:13:22,624 __main__ INFO: current setting is 1-1
2022-10-20 05:15:25,962 __main__ INFO: Current dataset is cardio
2022-10-20 05:15:25,963 __main__ INFO: current setting is 1-1
2022-10-20 05:28:22,396 __main__ INFO:   dataset_name  seed  anomalies_fraction  normalies_ratio  comtaination_ratio   roc_auc    roc_pr
0       cardio     1                 0.1                0                 0.0  0.983046  0.896596
1       cardio     1                 0.1                0                 0.1  0.982788  0.879429
2       cardio    20                 0.1                0                 0.0  0.979604  0.852306
3       cardio    20                 0.1                0                 0.1  0.981024  0.846379
4       cardio    42                 0.1                0                 0.0  0.968158  0.889703
5       cardio    42                 0.1                0                 0.1  0.972892  0.896600
6       cardio    50                 0.1                0                 0.0  0.971859  0.918735
7       cardio    50                 0.1                0                 0.1  0.949613  0.757280
8       cardio    99                 0.1                0                 0.0  0.982444  0.882502
9       cardio    99                 0.1                0                 0.1  0.986489  0.887798
2022-10-20 05:41:23,381 __main__ INFO:   dataset_name  seed  anomalies_fraction  normalies_ratio  comtaination_ratio   roc_auc    roc_pr
0   annthyroid     1                 0.1                0                 0.0  0.914780  0.655756
1   annthyroid     1                 0.1                0                 0.1  0.885144  0.616604
2   annthyroid    20                 0.1                0                 0.0  0.915856  0.620286
3   annthyroid    20                 0.1                0                 0.1  0.915264  0.616088
4   annthyroid    42                 0.1                0                 0.0  0.910244  0.609468
5   annthyroid    42                 0.1                0                 0.1  0.899405  0.584877
6   annthyroid    50                 0.1                0                 0.0  0.917693  0.615162
7   annthyroid    50                 0.1                0                 0.1  0.884019  0.560645
8   annthyroid    99                 0.1                0                 0.0  0.902651  0.599840
9   annthyroid    99                 0.1                0                 0.1  0.887595  0.558172
2022-10-20 05:49:35,665 __main__ INFO: Current dataset is annthyroid
2022-10-20 05:49:35,666 __main__ INFO: current setting is 1-1
2022-10-20 05:50:11,095 __main__ INFO:   dataset_name  seed  anomalies_fraction  normalies_ratio  comtaination_ratio   roc_auc    roc_pr
0       cardio     1                 0.1                0                 0.0  0.987435  0.909586
1       cardio     1                 0.1                0                 0.1  0.950516  0.787458
2       cardio    20                 0.1                0                 0.0  0.861704  0.619045
3       cardio    20                 0.1                0                 0.1  0.970138  0.858912
4       cardio    42                 0.1                0                 0.0  0.968933  0.882993
5       cardio    42                 0.1                0                 0.1  0.954475  0.851094
6       cardio    50                 0.1                0                 0.0  0.958003  0.828066
7       cardio    50                 0.1                0                 0.1  0.955422  0.844441
8       cardio    99                 0.1                0                 0.0  0.976076  0.850434
9       cardio    99                 0.1                0                 0.1  0.979260  0.848696
2022-10-20 06:15:35,036 __main__ INFO: Current dataset is annthyroid
2022-10-20 06:15:35,037 __main__ INFO: current setting is 1-1
2022-10-20 06:41:43,731 __main__ INFO:   dataset_name  seed  anomalies_fraction  normalies_ratio  comtaination_ratio   roc_auc    roc_pr
0   annthyroid     1                 0.1                0                 0.0  0.946972  0.631663
1   annthyroid     1                 0.1                0                 0.1  0.927488  0.585235
2   annthyroid    20                 0.1                0                 0.0  0.951424  0.612743
3   annthyroid    20                 0.1                0                 0.1  0.951371  0.609513
4   annthyroid    42                 0.1                0                 0.0  0.938569  0.645681
5   annthyroid    42                 0.1                0                 0.1  0.954077  0.684423
6   annthyroid    50                 0.1                0                 0.0  0.956731  0.687680
7   annthyroid    50                 0.1                0                 0.1  0.952461  0.667584
8   annthyroid    99                 0.1                0                 0.0  0.922976  0.615353
9   annthyroid    99                 0.1                0                 0.1  0.929882  0.588190
2022-10-24 21:20:06,881 __main__ INFO: Current dataset is multi_cardio
2022-10-24 21:20:06,881 __main__ INFO: current setting is 2-2
2022-10-24 21:56:00,535 __main__ INFO: Current dataset is multi_cardio
2022-10-24 21:56:00,536 __main__ INFO: current setting is 2-2
2022-10-24 22:35:08,566 __main__ INFO:    dataset_name  seed  anomalies_fraction  normalies_ratio  comtaination_ratio   roc_auc    roc_pr
0  multi_cardio    99                0.01                0                0.04  0.605390  0.257208
1  multi_cardio   165                0.01                0                0.04  0.929858  0.878918
2022-10-24 23:53:24,507 __main__ INFO: Current dataset is multi_cardio
2022-10-24 23:53:24,507 __main__ INFO: current setting is 2-2
2022-10-25 00:17:49,020 __main__ INFO:    dataset_name  seed  anomalies_fraction  normalies_ratio  comtaination_ratio   roc_auc    roc_pr
0  multi_cardio    99                0.01                0                0.04  0.888811  0.796413
